c:\users\maare\onedrive\bureau\travail de porc\caca\jeudelavie\build\pigfarm.dir\debug\vc143.pdb
c:\users\maare\onedrive\bureau\travail de porc\caca\jeudelavie\build\pigfarm.dir\debug\textbox.obj
c:\users\maare\onedrive\bureau\travail de porc\caca\jeudelavie\build\pigfarm.dir\debug\main.obj
c:\users\maare\onedrive\bureau\travail de porc\caca\jeudelavie\build\pigfarm.dir\debug\grid.obj
c:\users\maare\onedrive\bureau\travail de porc\caca\jeudelavie\build\pigfarm.dir\debug\graphicsmanager.obj
c:\users\maare\onedrive\bureau\travail de porc\caca\jeudelavie\build\pigfarm.dir\debug\game.obj
c:\users\maare\onedrive\bureau\travail de porc\caca\jeudelavie\build\pigfarm.dir\debug\cursor.obj
c:\users\maare\onedrive\bureau\travail de porc\caca\jeudelavie\build\pigfarm.dir\debug\cell.obj
c:\users\maare\onedrive\bureau\travail de porc\caca\jeudelavie\build\pigfarm.dir\debug\button.obj
c:\users\maare\onedrive\bureau\travail de porc\caca\jeudelavie\build\cmakefiles\generate.stamp
c:\users\maare\onedrive\bureau\travail de porc\caca\jeudelavie\build\bin\debug\pigfarm.exe
c:\users\maare\onedrive\bureau\travail de porc\caca\jeudelavie\build\bin\debug\pigfarm.pdb
c:\users\maare\onedrive\bureau\travail de porc\caca\jeudelavie\build\pigfarm.dir\debug\pigfarm.ilk
c:\users\maare\onedrive\bureau\travail de porc\caca\jeudelavie\build\pigfarm.dir\debug\pigfarm.tlog\cl.command.1.tlog
c:\users\maare\onedrive\bureau\travail de porc\caca\jeudelavie\build\pigfarm.dir\debug\pigfarm.tlog\cl.items.tlog
c:\users\maare\onedrive\bureau\travail de porc\caca\jeudelavie\build\pigfarm.dir\debug\pigfarm.tlog\cl.read.1.tlog
c:\users\maare\onedrive\bureau\travail de porc\caca\jeudelavie\build\pigfarm.dir\debug\pigfarm.tlog\cl.write.1.tlog
c:\users\maare\onedrive\bureau\travail de porc\caca\jeudelavie\build\pigfarm.dir\debug\pigfarm.tlog\custombuild.command.1.tlog
c:\users\maare\onedrive\bureau\travail de porc\caca\jeudelavie\build\pigfarm.dir\debug\pigfarm.tlog\custombuild.read.1.tlog
c:\users\maare\onedrive\bureau\travail de porc\caca\jeudelavie\build\pigfarm.dir\debug\pigfarm.tlog\custombuild.write.1.tlog
c:\users\maare\onedrive\bureau\travail de porc\caca\jeudelavie\build\pigfarm.dir\debug\pigfarm.tlog\link.command.1.tlog
c:\users\maare\onedrive\bureau\travail de porc\caca\jeudelavie\build\pigfarm.dir\debug\pigfarm.tlog\link.read.1.tlog
c:\users\maare\onedrive\bureau\travail de porc\caca\jeudelavie\build\pigfarm.dir\debug\pigfarm.tlog\link.secondary.1.tlog
c:\users\maare\onedrive\bureau\travail de porc\caca\jeudelavie\build\pigfarm.dir\debug\pigfarm.tlog\link.write.1.tlog
